# JRE version: OpenJDK Runtime Environment (8.0_242-b01) (build 1.8.0_242-release-1644-b01)
# Java VM: OpenJDK 64-Bit Server VM (25.242-b01 mixed mode windows-amd64 compressed oops)
Heap:
 PSYoungGen      total 269824K, used 159983K [0x00000000d5580000, 0x00000000e8100000, 0x0000000100000000)
  eden space 245248K, 59% used [0x00000000d5580000,0x00000000de44ea80,0x00000000e4500000)
  from space 24576K, 55% used [0x00000000e6900000,0x00000000e766d570,0x00000000e8100000)
  to   space 30720K, 0% used [0x00000000e4500000,0x00000000e4500000,0x00000000e6300000)
 ParOldGen       total 206848K, used 64134K [0x0000000080000000, 0x000000008ca00000, 0x00000000d5580000)
  object space 206848K, 31% used [0x0000000080000000,0x0000000083ea1988,0x000000008ca00000)
 Metaspace       used 98899K, capacity 103906K, committed 104140K, reserved 1138688K
  class space    used 13069K, capacity 14062K, committed 14080K, reserved 1048576K
GC Heap History (10 events):
Event: 17.336 GC heap before
{Heap before GC invocations=18 (full 3):
 PSYoungGen      total 199168K, used 199147K [0x00000000d5580000, 0x00000000e3480000, 0x0000000100000000)
  eden space 178176K, 100% used [0x00000000d5580000,0x00000000e0380000,0x00000000e0380000)
  from space 20992K, 99% used [0x00000000e1b80000,0x00000000e2ffacd8,0x00000000e3000000)
  to   space 24576K, 0% used [0x00000000e0380000,0x00000000e0380000,0x00000000e1b80000)
 ParOldGen       total 141312K, used 35296K [0x0000000080000000, 0x0000000088a00000, 0x00000000d5580000)
  object space 141312K, 24% used [0x0000000080000000,0x00000000822780a0,0x0000000088a00000)
 Metaspace       used 83343K, capacity 87094K, committed 87256K, reserved 1124352K
  class space    used 11249K, capacity 11974K, committed 12032K, reserved 1048576K
Event: 17.357 GC heap after
Heap after GC invocations=18 (full 3):
 PSYoungGen      total 202752K, used 24574K [0x00000000d5580000, 0x00000000e5c00000, 0x0000000100000000)
  eden space 178176K, 0% used [0x00000000d5580000,0x00000000d5580000,0x00000000e0380000)
  from space 24576K, 99% used [0x00000000e0380000,0x00000000e1b7f9a8,0x00000000e1b80000)
  to   space 31232K, 0% used [0x00000000e3d80000,0x00000000e3d80000,0x00000000e5c00000)
 ParOldGen       total 141312K, used 42742K [0x0000000080000000, 0x0000000088a00000, 0x00000000d5580000)
  object space 141312K, 30% used [0x0000000080000000,0x00000000829bdb40,0x0000000088a00000)
 Metaspace       used 83343K, capacity 87094K, committed 87256K, reserved 1124352K
  class space    used 11249K, capacity 11974K, committed 12032K, reserved 1048576K
}
Event: 22.424 GC heap before
{Heap before GC invocations=19 (full 3):
 PSYoungGen      total 202752K, used 202750K [0x00000000d5580000, 0x00000000e5c00000, 0x0000000100000000)
  eden space 178176K, 100% used [0x00000000d5580000,0x00000000e0380000,0x00000000e0380000)
  from space 24576K, 99% used [0x00000000e0380000,0x00000000e1b7f9a8,0x00000000e1b80000)
  to   space 31232K, 0% used [0x00000000e3d80000,0x00000000e3d80000,0x00000000e5c00000)
 ParOldGen       total 141312K, used 42742K [0x0000000080000000, 0x0000000088a00000, 0x00000000d5580000)
  object space 141312K, 30% used [0x0000000080000000,0x00000000829bdb40,0x0000000088a00000)
 Metaspace       used 91898K, capacity 96578K, committed 96728K, reserved 1132544K
  class space    used 12330K, capacity 13244K, committed 13312K, reserved 1048576K
Event: 22.462 GC heap after
Heap after GC invocations=19 (full 3):
 PSYoungGen      total 236544K, used 22058K [0x00000000d5580000, 0x00000000e5e00000, 0x0000000100000000)
  eden space 205312K, 0% used [0x00000000d5580000,0x00000000d5580000,0x00000000e1e00000)
  from space 31232K, 70% used [0x00000000e3d80000,0x00000000e530a840,0x00000000e5c00000)
  to   space 32256K, 0% used [0x00000000e1e00000,0x00000000e1e00000,0x00000000e3d80000)
 ParOldGen       total 141312K, used 61282K [0x0000000080000000, 0x0000000088a00000, 0x00000000d5580000)
  object space 141312K, 43% used [0x0000000080000000,0x0000000083bd89e8,0x0000000088a00000)
 Metaspace       used 91898K, capacity 96578K, committed 96728K, reserved 1132544K
  class space    used 12330K, capacity 13244K, committed 13312K, reserved 1048576K
}
Event: 22.597 GC heap before
{Heap before GC invocations=20 (full 3):
 PSYoungGen      total 236544K, used 35683K [0x00000000d5580000, 0x00000000e5e00000, 0x0000000100000000)
  eden space 205312K, 6% used [0x00000000d5580000,0x00000000d62ce720,0x00000000e1e00000)
  from space 31232K, 70% used [0x00000000e3d80000,0x00000000e530a840,0x00000000e5c00000)
  to   space 32256K, 0% used [0x00000000e1e00000,0x00000000e1e00000,0x00000000e3d80000)
 ParOldGen       total 141312K, used 61282K [0x0000000080000000, 0x0000000088a00000, 0x00000000d5580000)
  object space 141312K, 43% used [0x0000000080000000,0x0000000083bd89e8,0x0000000088a00000)
 Metaspace       used 93615K, capacity 98242K, committed 98380K, reserved 1134592K
  class space    used 12446K, capacity 13372K, committed 13440K, reserved 1048576K
Event: 22.609 GC heap after
Heap after GC invocations=20 (full 3):
 PSYoungGen      total 237568K, used 18466K [0x00000000d5580000, 0x00000000e8880000, 0x0000000100000000)
  eden space 205312K, 0% used [0x00000000d5580000,0x00000000d5580000,0x00000000e1e00000)
  from space 32256K, 57% used [0x00000000e1e00000,0x00000000e3008a78,0x00000000e3d80000)
  to   space 32256K, 0% used [0x00000000e6900000,0x00000000e6900000,0x00000000e8880000)
 ParOldGen       total 141312K, used 61290K [0x0000000080000000, 0x0000000088a00000, 0x00000000d5580000)
  object space 141312K, 43% used [0x0000000080000000,0x0000000083bda9e8,0x0000000088a00000)
 Metaspace       used 93615K, capacity 98242K, committed 98380K, reserved 1134592K
  class space    used 12446K, capacity 13372K, committed 13440K, reserved 1048576K
}
Event: 22.609 GC heap before
{Heap before GC invocations=21 (full 4):
 PSYoungGen      total 237568K, used 18466K [0x00000000d5580000, 0x00000000e8880000, 0x0000000100000000)
  eden space 205312K, 0% used [0x00000000d5580000,0x00000000d5580000,0x00000000e1e00000)
  from space 32256K, 57% used [0x00000000e1e00000,0x00000000e3008a78,0x00000000e3d80000)
  to   space 32256K, 0% used [0x00000000e6900000,0x00000000e6900000,0x00000000e8880000)
 ParOldGen       total 141312K, used 61290K [0x0000000080000000, 0x0000000088a00000, 0x00000000d5580000)
  object space 141312K, 43% used [0x0000000080000000,0x0000000083bda9e8,0x0000000088a00000)
 Metaspace       used 93615K, capacity 98242K, committed 98380K, reserved 1134592K
  class space    used 12446K, capacity 13372K, committed 13440K, reserved 1048576K
Event: 22.853 GC heap after
Heap after GC invocations=21 (full 4):
 PSYoungGen      total 237568K, used 0K [0x00000000d5580000, 0x00000000e8880000, 0x0000000100000000)
  eden space 205312K, 0% used [0x00000000d5580000,0x00000000d5580000,0x00000000e1e00000)
  from space 32256K, 0% used [0x00000000e1e00000,0x00000000e1e00000,0x00000000e3d80000)
  to   space 32256K, 0% used [0x00000000e6900000,0x00000000e6900000,0x00000000e8880000)
 ParOldGen       total 206848K, used 64126K [0x0000000080000000, 0x000000008ca00000, 0x00000000d5580000)
  object space 206848K, 31% used [0x0000000080000000,0x0000000083e9f988,0x000000008ca00000)
 Metaspace       used 93451K, capacity 97762K, committed 98380K, reserved 1134592K
  class space    used 12394K, capacity 13280K, committed 13440K, reserved 1048576K
}
Event: 1642.508 GC heap before
{Heap before GC invocations=22 (full 4):
 PSYoungGen      total 237568K, used 205312K [0x00000000d5580000, 0x00000000e8880000, 0x0000000100000000)
  eden space 205312K, 100% used [0x00000000d5580000,0x00000000e1e00000,0x00000000e1e00000)
  from space 32256K, 0% used [0x00000000e1e00000,0x00000000e1e00000,0x00000000e3d80000)
  to   space 32256K, 0% used [0x00000000e6900000,0x00000000e6900000,0x00000000e8880000)
 ParOldGen       total 206848K, used 64126K [0x0000000080000000, 0x000000008ca00000, 0x00000000d5580000)
  object space 206848K, 31% used [0x0000000080000000,0x0000000083e9f988,0x000000008ca00000)
 Metaspace       used 96577K, capacity 101118K, committed 101196K, reserved 1136640K
  class space    used 12755K, capacity 13670K, committed 13696K, reserved 1048576K
Event: 1642.521 GC heap after
Heap after GC invocations=22 (full 4):
 PSYoungGen      total 269824K, used 13749K [0x00000000d5580000, 0x00000000e8100000, 0x0000000100000000)
  eden space 245248K, 0% used [0x00000000d5580000,0x00000000d5580000,0x00000000e4500000)
  from space 24576K, 55% used [0x00000000e6900000,0x00000000e766d570,0x00000000e8100000)
  to   space 30720K, 0% used [0x00000000e4500000,0x00000000e4500000,0x00000000e6300000)
 ParOldGen       total 206848K, used 64134K [0x0000000080000000, 0x000000008ca00000, 0x00000000d5580000)
  object space 206848K, 31% used [0x0000000080000000,0x0000000083ea1988,0x000000008ca00000)
 Metaspace       used 96577K, capacity 101118K, committed 101196K, reserved 1136640K
  class space    used 12755K, capacity 13670K, committed 13696K, reserved 1048576K
}

