# JRE version: OpenJDK Runtime Environment (8.0_242-b01) (build 1.8.0_242-release-1644-b01)
# Java VM: OpenJDK 64-Bit Server VM (25.242-b01 mixed mode windows-amd64 compressed oops)
Heap:
 PSYoungGen      total 59392K, used 7657K [0x00000000d5580000, 0x00000000d9a80000, 0x0000000100000000)
  eden space 50176K, 4% used [0x00000000d5580000,0x00000000d5780930,0x00000000d8680000)
  from space 9216K, 60% used [0x00000000d9180000,0x00000000d96f9d50,0x00000000d9a80000)
  to   space 10240K, 0% used [0x00000000d8680000,0x00000000d8680000,0x00000000d9080000)
 ParOldGen       total 45568K, used 7521K [0x0000000080000000, 0x0000000082c80000, 0x00000000d5580000)
  object space 45568K, 16% used [0x0000000080000000,0x0000000080758648,0x0000000082c80000)
 Metaspace       used 31507K, capacity 32432K, committed 32560K, reserved 1077248K
  class space    used 4290K, capacity 4543K, committed 4656K, reserved 1048576K
GC Heap History (10 events):
Event: 8.203 GC heap before
{Heap before GC invocations=7 (full 0):
 PSYoungGen      total 42496K, used 10743K [0x00000000d5580000, 0x00000000d8a00000, 0x0000000100000000)
  eden space 32256K, 6% used [0x00000000d5580000,0x00000000d5792e88,0x00000000d7500000)
  from space 10240K, 84% used [0x00000000d7f80000,0x00000000d87eb038,0x00000000d8980000)
  to   space 10752K, 0% used [0x00000000d7500000,0x00000000d7500000,0x00000000d7f80000)
 ParOldGen       total 87552K, used 6781K [0x0000000080000000, 0x0000000085580000, 0x00000000d5580000)
  object space 87552K, 7% used [0x0000000080000000,0x000000008069f718,0x0000000085580000)
 Metaspace       used 20583K, capacity 21236K, committed 21296K, reserved 1067008K
  class space    used 2876K, capacity 3080K, committed 3120K, reserved 1048576K
Event: 8.206 GC heap after
Heap after GC invocations=7 (full 0):
 PSYoungGen      total 43008K, used 3732K [0x00000000d5580000, 0x00000000d8a00000, 0x0000000100000000)
  eden space 32256K, 0% used [0x00000000d5580000,0x00000000d5580000,0x00000000d7500000)
  from space 10752K, 34% used [0x00000000d7500000,0x00000000d78a5040,0x00000000d7f80000)
  to   space 10240K, 0% used [0x00000000d7f80000,0x00000000d7f80000,0x00000000d8980000)
 ParOldGen       total 87552K, used 9161K [0x0000000080000000, 0x0000000085580000, 0x00000000d5580000)
  object space 87552K, 10% used [0x0000000080000000,0x00000000808f2778,0x0000000085580000)
 Metaspace       used 20583K, capacity 21236K, committed 21296K, reserved 1067008K
  class space    used 2876K, capacity 3080K, committed 3120K, reserved 1048576K
}
Event: 8.206 GC heap before
{Heap before GC invocations=8 (full 1):
 PSYoungGen      total 43008K, used 3732K [0x00000000d5580000, 0x00000000d8a00000, 0x0000000100000000)
  eden space 32256K, 0% used [0x00000000d5580000,0x00000000d5580000,0x00000000d7500000)
  from space 10752K, 34% used [0x00000000d7500000,0x00000000d78a5040,0x00000000d7f80000)
  to   space 10240K, 0% used [0x00000000d7f80000,0x00000000d7f80000,0x00000000d8980000)
 ParOldGen       total 87552K, used 9161K [0x0000000080000000, 0x0000000085580000, 0x00000000d5580000)
  object space 87552K, 10% used [0x0000000080000000,0x00000000808f2778,0x0000000085580000)
 Metaspace       used 20583K, capacity 21236K, committed 21296K, reserved 1067008K
  class space    used 2876K, capacity 3080K, committed 3120K, reserved 1048576K
Event: 8.229 GC heap after
Heap after GC invocations=8 (full 1):
 PSYoungGen      total 43008K, used 0K [0x00000000d5580000, 0x00000000d8a00000, 0x0000000100000000)
  eden space 32256K, 0% used [0x00000000d5580000,0x00000000d5580000,0x00000000d7500000)
  from space 10752K, 0% used [0x00000000d7500000,0x00000000d7500000,0x00000000d7f80000)
  to   space 10240K, 0% used [0x00000000d7f80000,0x00000000d7f80000,0x00000000d8980000)
 ParOldGen       total 45568K, used 6696K [0x0000000080000000, 0x0000000082c80000, 0x00000000d5580000)
  object space 45568K, 14% used [0x0000000080000000,0x000000008068a3b0,0x0000000082c80000)
 Metaspace       used 20583K, capacity 21236K, committed 21296K, reserved 1067008K
  class space    used 2876K, capacity 3080K, committed 3120K, reserved 1048576K
}
Event: 8.740 GC heap before
{Heap before GC invocations=9 (full 1):
 PSYoungGen      total 43008K, used 32256K [0x00000000d5580000, 0x00000000d8a00000, 0x0000000100000000)
  eden space 32256K, 100% used [0x00000000d5580000,0x00000000d7500000,0x00000000d7500000)
  from space 10752K, 0% used [0x00000000d7500000,0x00000000d7500000,0x00000000d7f80000)
  to   space 10240K, 0% used [0x00000000d7f80000,0x00000000d7f80000,0x00000000d8980000)
 ParOldGen       total 45568K, used 6696K [0x0000000080000000, 0x0000000082c80000, 0x00000000d5580000)
  object space 45568K, 14% used [0x0000000080000000,0x000000008068a3b0,0x0000000082c80000)
 Metaspace       used 22888K, capacity 23640K, committed 23728K, reserved 1069056K
  class space    used 3253K, capacity 3480K, committed 3504K, reserved 1048576K
Event: 8.743 GC heap after
Heap after GC invocations=9 (full 1):
 PSYoungGen      total 42496K, used 3134K [0x00000000d5580000, 0x00000000d8a00000, 0x0000000100000000)
  eden space 32256K, 0% used [0x00000000d5580000,0x00000000d5580000,0x00000000d7500000)
  from space 10240K, 30% used [0x00000000d7f80000,0x00000000d828fbd8,0x00000000d8980000)
  to   space 10752K, 0% used [0x00000000d7500000,0x00000000d7500000,0x00000000d7f80000)
 ParOldGen       total 45568K, used 6704K [0x0000000080000000, 0x0000000082c80000, 0x00000000d5580000)
  object space 45568K, 14% used [0x0000000080000000,0x000000008068c3b0,0x0000000082c80000)
 Metaspace       used 22888K, capacity 23640K, committed 23728K, reserved 1069056K
  class space    used 3253K, capacity 3480K, committed 3504K, reserved 1048576K
}
Event: 11.423 GC heap before
{Heap before GC invocations=10 (full 1):
 PSYoungGen      total 42496K, used 35390K [0x00000000d5580000, 0x00000000d8a00000, 0x0000000100000000)
  eden space 32256K, 100% used [0x00000000d5580000,0x00000000d7500000,0x00000000d7500000)
  from space 10240K, 30% used [0x00000000d7f80000,0x00000000d828fbd8,0x00000000d8980000)
  to   space 10752K, 0% used [0x00000000d7500000,0x00000000d7500000,0x00000000d7f80000)
 ParOldGen       total 45568K, used 6704K [0x0000000080000000, 0x0000000082c80000, 0x00000000d5580000)
  object space 45568K, 14% used [0x0000000080000000,0x000000008068c3b0,0x0000000082c80000)
 Metaspace       used 28843K, capacity 29644K, committed 29872K, reserved 1075200K
  class space    used 3996K, capacity 4231K, committed 4272K, reserved 1048576K
Event: 11.427 GC heap after
Heap after GC invocations=10 (full 1):
 PSYoungGen      total 43008K, used 6423K [0x00000000d5580000, 0x00000000d9c00000, 0x0000000100000000)
  eden space 32256K, 0% used [0x00000000d5580000,0x00000000d5580000,0x00000000d7500000)
  from space 10752K, 59% used [0x00000000d7500000,0x00000000d7b45f08,0x00000000d7f80000)
  to   space 10752K, 0% used [0x00000000d9180000,0x00000000d9180000,0x00000000d9c00000)
 ParOldGen       total 45568K, used 6712K [0x0000000080000000, 0x0000000082c80000, 0x00000000d5580000)
  object space 45568K, 14% used [0x0000000080000000,0x000000008068e3b0,0x0000000082c80000)
 Metaspace       used 28843K, capacity 29644K, committed 29872K, reserved 1075200K
  class space    used 3996K, capacity 4231K, committed 4272K, reserved 1048576K
}
Event: 11.887 GC heap before
{Heap before GC invocations=11 (full 1):
 PSYoungGen      total 43008K, used 38679K [0x00000000d5580000, 0x00000000d9c00000, 0x0000000100000000)
  eden space 32256K, 100% used [0x00000000d5580000,0x00000000d7500000,0x00000000d7500000)
  from space 10752K, 59% used [0x00000000d7500000,0x00000000d7b45f08,0x00000000d7f80000)
  to   space 10752K, 0% used [0x00000000d9180000,0x00000000d9180000,0x00000000d9c00000)
 ParOldGen       total 45568K, used 6712K [0x0000000080000000, 0x0000000082c80000, 0x00000000d5580000)
  object space 45568K, 14% used [0x0000000080000000,0x000000008068e3b0,0x0000000082c80000)
 Metaspace       used 31426K, capacity 32344K, committed 32432K, reserved 1077248K
  class space    used 4274K, capacity 4475K, committed 4528K, reserved 1048576K
Event: 11.891 GC heap after
Heap after GC invocations=11 (full 1):
 PSYoungGen      total 59392K, used 5607K [0x00000000d5580000, 0x00000000d9a80000, 0x0000000100000000)
  eden space 50176K, 0% used [0x00000000d5580000,0x00000000d5580000,0x00000000d8680000)
  from space 9216K, 60% used [0x00000000d9180000,0x00000000d96f9d50,0x00000000d9a80000)
  to   space 10240K, 0% used [0x00000000d8680000,0x00000000d8680000,0x00000000d9080000)
 ParOldGen       total 45568K, used 7521K [0x0000000080000000, 0x0000000082c80000, 0x00000000d5580000)
  object space 45568K, 16% used [0x0000000080000000,0x0000000080758648,0x0000000082c80000)
 Metaspace       used 31426K, capacity 32344K, committed 32432K, reserved 1077248K
  class space    used 4274K, capacity 4475K, committed 4528K, reserved 1048576K
}

